mode: set
github.com/pingcap/tidb-tools/sync_diff_inspector/checkpoints/checkpoints.go:76.28,76.54 1 1
github.com/pingcap/tidb-tools/sync_diff_inspector/checkpoints/checkpoints.go:78.34,78.52 1 1
github.com/pingcap/tidb-tools/sync_diff_inspector/checkpoints/checkpoints.go:97.49,99.2 1 0
github.com/pingcap/tidb-tools/sync_diff_inspector/checkpoints/checkpoints.go:101.42,105.2 3 1
github.com/pingcap/tidb-tools/sync_diff_inspector/checkpoints/checkpoints.go:108.26,108.50 1 1
github.com/pingcap/tidb-tools/sync_diff_inspector/checkpoints/checkpoints.go:111.36,113.2 1 1
github.com/pingcap/tidb-tools/sync_diff_inspector/checkpoints/checkpoints.go:116.31,118.2 1 1
github.com/pingcap/tidb-tools/sync_diff_inspector/checkpoints/checkpoints.go:121.37,123.2 1 1
github.com/pingcap/tidb-tools/sync_diff_inspector/checkpoints/checkpoints.go:126.35,127.24 1 1
github.com/pingcap/tidb-tools/sync_diff_inspector/checkpoints/checkpoints.go:130.2,134.13 5 1
github.com/pingcap/tidb-tools/sync_diff_inspector/checkpoints/checkpoints.go:127.24,129.3 1 0
github.com/pingcap/tidb-tools/sync_diff_inspector/checkpoints/checkpoints.go:137.30,144.2 6 1
github.com/pingcap/tidb-tools/sync_diff_inspector/checkpoints/checkpoints.go:146.48,150.6 4 1
github.com/pingcap/tidb-tools/sync_diff_inspector/checkpoints/checkpoints.go:169.2,169.12 1 1
github.com/pingcap/tidb-tools/sync_diff_inspector/checkpoints/checkpoints.go:150.6,152.23 2 1
github.com/pingcap/tidb-tools/sync_diff_inspector/checkpoints/checkpoints.go:155.3,155.39 1 1
github.com/pingcap/tidb-tools/sync_diff_inspector/checkpoints/checkpoints.go:152.23,153.9 1 1
github.com/pingcap/tidb-tools/sync_diff_inspector/checkpoints/checkpoints.go:155.39,158.24 3 1
github.com/pingcap/tidb-tools/sync_diff_inspector/checkpoints/checkpoints.go:161.4,162.37 2 1
github.com/pingcap/tidb-tools/sync_diff_inspector/checkpoints/checkpoints.go:158.24,159.10 1 1
github.com/pingcap/tidb-tools/sync_diff_inspector/checkpoints/checkpoints.go:162.37,163.10 1 0
github.com/pingcap/tidb-tools/sync_diff_inspector/checkpoints/checkpoints.go:165.9,166.9 1 0
github.com/pingcap/tidb-tools/sync_diff_inspector/checkpoints/checkpoints.go:173.122,174.16 1 1
github.com/pingcap/tidb-tools/sync_diff_inspector/checkpoints/checkpoints.go:194.2,194.15 1 1
github.com/pingcap/tidb-tools/sync_diff_inspector/checkpoints/checkpoints.go:174.16,184.17 4 1
github.com/pingcap/tidb-tools/sync_diff_inspector/checkpoints/checkpoints.go:189.3,189.96 1 1
github.com/pingcap/tidb-tools/sync_diff_inspector/checkpoints/checkpoints.go:192.3,192.26 1 1
github.com/pingcap/tidb-tools/sync_diff_inspector/checkpoints/checkpoints.go:184.17,187.4 2 0
github.com/pingcap/tidb-tools/sync_diff_inspector/checkpoints/checkpoints.go:189.96,191.4 1 0
github.com/pingcap/tidb-tools/sync_diff_inspector/checkpoints/checkpoints.go:198.81,200.16 2 1
github.com/pingcap/tidb-tools/sync_diff_inspector/checkpoints/checkpoints.go:203.2,205.16 3 1
github.com/pingcap/tidb-tools/sync_diff_inspector/checkpoints/checkpoints.go:208.2,208.31 1 1
github.com/pingcap/tidb-tools/sync_diff_inspector/checkpoints/checkpoints.go:200.16,202.3 1 0
github.com/pingcap/tidb-tools/sync_diff_inspector/checkpoints/checkpoints.go:205.16,207.3 1 0
