mode: set
github.com/pingcap/tidb-tools/sync_diff_inspector/source/chunks_iter.go:39.81,41.24 1 1
github.com/pingcap/tidb-tools/sync_diff_inspector/source/chunks_iter.go:44.2,45.16 2 1
github.com/pingcap/tidb-tools/sync_diff_inspector/source/chunks_iter.go:49.2,49.14 1 1
github.com/pingcap/tidb-tools/sync_diff_inspector/source/chunks_iter.go:60.2,61.16 2 1
github.com/pingcap/tidb-tools/sync_diff_inspector/source/chunks_iter.go:64.2,64.24 1 1
github.com/pingcap/tidb-tools/sync_diff_inspector/source/chunks_iter.go:67.2,68.16 2 1
github.com/pingcap/tidb-tools/sync_diff_inspector/source/chunks_iter.go:71.2,79.8 4 1
github.com/pingcap/tidb-tools/sync_diff_inspector/source/chunks_iter.go:41.24,43.3 1 0
github.com/pingcap/tidb-tools/sync_diff_inspector/source/chunks_iter.go:45.16,47.3 1 0
github.com/pingcap/tidb-tools/sync_diff_inspector/source/chunks_iter.go:49.14,59.3 4 1
github.com/pingcap/tidb-tools/sync_diff_inspector/source/chunks_iter.go:61.16,63.3 1 0
github.com/pingcap/tidb-tools/sync_diff_inspector/source/chunks_iter.go:64.24,66.3 1 1
github.com/pingcap/tidb-tools/sync_diff_inspector/source/chunks_iter.go:68.16,70.3 1 0
github.com/pingcap/tidb-tools/sync_diff_inspector/source/chunks_iter.go:82.34,83.24 1 1
github.com/pingcap/tidb-tools/sync_diff_inspector/source/chunks_iter.go:83.24,85.3 1 1
github.com/pingcap/tidb-tools/sync_diff_inspector/source/chunks_iter.go:88.49,90.2 1 1
github.com/pingcap/tidb-tools/sync_diff_inspector/source/chunks_iter.go:92.53,93.58 1 1
github.com/pingcap/tidb-tools/sync_diff_inspector/source/chunks_iter.go:96.2,96.10 1 1
github.com/pingcap/tidb-tools/sync_diff_inspector/source/chunks_iter.go:93.58,95.3 1 0
github.com/pingcap/tidb-tools/sync_diff_inspector/source/chunks_iter.go:101.95,102.43 1 1
github.com/pingcap/tidb-tools/sync_diff_inspector/source/chunks_iter.go:106.2,111.23 4 1
github.com/pingcap/tidb-tools/sync_diff_inspector/source/chunks_iter.go:118.2,119.16 2 1
github.com/pingcap/tidb-tools/sync_diff_inspector/source/chunks_iter.go:122.2,122.24 1 1
github.com/pingcap/tidb-tools/sync_diff_inspector/source/chunks_iter.go:125.2,126.12 2 1
github.com/pingcap/tidb-tools/sync_diff_inspector/source/chunks_iter.go:102.43,105.3 2 1
github.com/pingcap/tidb-tools/sync_diff_inspector/source/chunks_iter.go:111.23,116.3 4 1
github.com/pingcap/tidb-tools/sync_diff_inspector/source/chunks_iter.go:119.16,121.3 1 0
github.com/pingcap/tidb-tools/sync_diff_inspector/source/chunks_iter.go:122.24,124.3 1 1
github.com/pingcap/tidb-tools/sync_diff_inspector/source/mysql_shard.go:39.175,43.29 2 1
github.com/pingcap/tidb-tools/sync_diff_inspector/source/mysql_shard.go:47.2,52.16 5 1
github.com/pingcap/tidb-tools/sync_diff_inspector/source/mysql_shard.go:55.2,55.22 1 1
github.com/pingcap/tidb-tools/sync_diff_inspector/source/mysql_shard.go:43.29,45.3 1 0
github.com/pingcap/tidb-tools/sync_diff_inspector/source/mysql_shard.go:52.16,54.3 1 0
github.com/pingcap/tidb-tools/sync_diff_inspector/source/mysql_shard.go:64.139,65.28 1 1
github.com/pingcap/tidb-tools/sync_diff_inspector/source/mysql_shard.go:68.2,69.9 2 1
github.com/pingcap/tidb-tools/sync_diff_inspector/source/mysql_shard.go:72.2,72.21 1 1
github.com/pingcap/tidb-tools/sync_diff_inspector/source/mysql_shard.go:65.28,67.3 1 0
github.com/pingcap/tidb-tools/sync_diff_inspector/source/mysql_shard.go:69.9,71.3 1 0
github.com/pingcap/tidb-tools/sync_diff_inspector/source/mysql_shard.go:75.57,79.2 1 1
github.com/pingcap/tidb-tools/sync_diff_inspector/source/mysql_shard.go:81.132,83.14 2 1
github.com/pingcap/tidb-tools/sync_diff_inspector/source/mysql_shard.go:86.2,94.20 3 1
github.com/pingcap/tidb-tools/sync_diff_inspector/source/mysql_shard.go:83.14,85.3 1 1
github.com/pingcap/tidb-tools/sync_diff_inspector/source/mysql_shard.go:97.32,98.38 1 1
github.com/pingcap/tidb-tools/sync_diff_inspector/source/mysql_shard.go:98.38,99.24 1 1
github.com/pingcap/tidb-tools/sync_diff_inspector/source/mysql_shard.go:99.24,101.4 1 1
github.com/pingcap/tidb-tools/sync_diff_inspector/source/mysql_shard.go:105.108,113.34 6 1
github.com/pingcap/tidb-tools/sync_diff_inspector/source/mysql_shard.go:123.2,131.41 3 1
github.com/pingcap/tidb-tools/sync_diff_inspector/source/mysql_shard.go:141.2,147.3 2 1
github.com/pingcap/tidb-tools/sync_diff_inspector/source/mysql_shard.go:113.34,114.40 1 1
github.com/pingcap/tidb-tools/sync_diff_inspector/source/mysql_shard.go:114.40,121.4 2 1
github.com/pingcap/tidb-tools/sync_diff_inspector/source/mysql_shard.go:131.41,134.36 2 1
github.com/pingcap/tidb-tools/sync_diff_inspector/source/mysql_shard.go:137.3,138.33 2 1
github.com/pingcap/tidb-tools/sync_diff_inspector/source/mysql_shard.go:134.36,136.4 1 0
github.com/pingcap/tidb-tools/sync_diff_inspector/source/mysql_shard.go:150.56,152.2 1 1
github.com/pingcap/tidb-tools/sync_diff_inspector/source/mysql_shard.go:154.133,155.11 1 1
github.com/pingcap/tidb-tools/sync_diff_inspector/source/mysql_shard.go:165.2,165.11 1 0
github.com/pingcap/tidb-tools/sync_diff_inspector/source/mysql_shard.go:156.14,157.112 1 1
github.com/pingcap/tidb-tools/sync_diff_inspector/source/mysql_shard.go:158.14,159.113 1 1
github.com/pingcap/tidb-tools/sync_diff_inspector/source/mysql_shard.go:160.15,161.142 1 1
github.com/pingcap/tidb-tools/sync_diff_inspector/source/mysql_shard.go:162.10,163.63 1 0
github.com/pingcap/tidb-tools/sync_diff_inspector/source/mysql_shard.go:168.118,179.34 8 1
github.com/pingcap/tidb-tools/sync_diff_inspector/source/mysql_shard.go:189.2,195.44 3 1
github.com/pingcap/tidb-tools/sync_diff_inspector/source/mysql_shard.go:212.2,215.8 1 1
github.com/pingcap/tidb-tools/sync_diff_inspector/source/mysql_shard.go:179.34,183.17 4 1
github.com/pingcap/tidb-tools/sync_diff_inspector/source/mysql_shard.go:186.3,186.23 1 1
github.com/pingcap/tidb-tools/sync_diff_inspector/source/mysql_shard.go:183.17,185.4 1 0
github.com/pingcap/tidb-tools/sync_diff_inspector/source/mysql_shard.go:195.44,197.17 2 1
github.com/pingcap/tidb-tools/sync_diff_inspector/source/mysql_shard.go:200.3,200.21 1 1
github.com/pingcap/tidb-tools/sync_diff_inspector/source/mysql_shard.go:197.17,199.4 1 0
github.com/pingcap/tidb-tools/sync_diff_inspector/source/mysql_shard.go:200.21,205.4 1 1
github.com/pingcap/tidb-tools/sync_diff_inspector/source/mysql_shard.go:205.9,206.30 1 0
github.com/pingcap/tidb-tools/sync_diff_inspector/source/mysql_shard.go:206.30,208.5 1 0
github.com/pingcap/tidb-tools/sync_diff_inspector/source/mysql_shard.go:218.40,220.39 1 0
github.com/pingcap/tidb-tools/sync_diff_inspector/source/mysql_shard.go:225.2,225.12 1 0
github.com/pingcap/tidb-tools/sync_diff_inspector/source/mysql_shard.go:220.39,221.25 1 0
github.com/pingcap/tidb-tools/sync_diff_inspector/source/mysql_shard.go:221.25,223.4 1 0
github.com/pingcap/tidb-tools/sync_diff_inspector/source/mysql_shard.go:228.109,232.43 4 1
github.com/pingcap/tidb-tools/sync_diff_inspector/source/mysql_shard.go:241.2,241.30 1 1
github.com/pingcap/tidb-tools/sync_diff_inspector/source/mysql_shard.go:232.43,235.17 3 1
github.com/pingcap/tidb-tools/sync_diff_inspector/source/mysql_shard.go:238.3,239.40 2 1
github.com/pingcap/tidb-tools/sync_diff_inspector/source/mysql_shard.go:235.17,237.4 1 0
github.com/pingcap/tidb-tools/sync_diff_inspector/source/mysql_shard.go:249.84,250.18 1 1
github.com/pingcap/tidb-tools/sync_diff_inspector/source/mysql_shard.go:254.2,254.8 1 1
github.com/pingcap/tidb-tools/sync_diff_inspector/source/mysql_shard.go:250.18,253.3 2 1
github.com/pingcap/tidb-tools/sync_diff_inspector/source/mysql_shard.go:257.82,262.38 1 1
github.com/pingcap/tidb-tools/sync_diff_inspector/source/mysql_shard.go:265.2,267.16 3 1
github.com/pingcap/tidb-tools/sync_diff_inspector/source/mysql_shard.go:270.2,270.23 1 1
github.com/pingcap/tidb-tools/sync_diff_inspector/source/mysql_shard.go:280.2,280.26 1 1
github.com/pingcap/tidb-tools/sync_diff_inspector/source/mysql_shard.go:262.38,264.3 1 1
github.com/pingcap/tidb-tools/sync_diff_inspector/source/mysql_shard.go:267.16,269.3 1 0
github.com/pingcap/tidb-tools/sync_diff_inspector/source/mysql_shard.go:270.23,275.3 1 1
github.com/pingcap/tidb-tools/sync_diff_inspector/source/mysql_shard.go:275.8,276.49 1 1
github.com/pingcap/tidb-tools/sync_diff_inspector/source/mysql_shard.go:276.49,278.4 1 0
github.com/pingcap/tidb-tools/sync_diff_inspector/source/mysql_shard.go:283.44,284.34 1 1
github.com/pingcap/tidb-tools/sync_diff_inspector/source/mysql_shard.go:284.34,286.3 1 1
github.com/pingcap/tidb-tools/sync_diff_inspector/source/mysql_shard.go:289.133,294.39 3 1
github.com/pingcap/tidb-tools/sync_diff_inspector/source/mysql_shard.go:298.2,298.30 1 1
github.com/pingcap/tidb-tools/sync_diff_inspector/source/mysql_shard.go:353.2,357.17 2 1
github.com/pingcap/tidb-tools/sync_diff_inspector/source/mysql_shard.go:294.39,296.3 1 1
github.com/pingcap/tidb-tools/sync_diff_inspector/source/mysql_shard.go:298.30,300.17 2 1
github.com/pingcap/tidb-tools/sync_diff_inspector/source/mysql_shard.go:305.3,306.40 2 1
github.com/pingcap/tidb-tools/sync_diff_inspector/source/mysql_shard.go:339.3,340.46 2 1
github.com/pingcap/tidb-tools/sync_diff_inspector/source/mysql_shard.go:345.3,349.57 3 1
github.com/pingcap/tidb-tools/sync_diff_inspector/source/mysql_shard.go:300.17,302.4 1 0
github.com/pingcap/tidb-tools/sync_diff_inspector/source/mysql_shard.go:306.40,308.37 1 1
github.com/pingcap/tidb-tools/sync_diff_inspector/source/mysql_shard.go:311.4,312.18 2 1
github.com/pingcap/tidb-tools/sync_diff_inspector/source/mysql_shard.go:315.4,315.36 1 1
github.com/pingcap/tidb-tools/sync_diff_inspector/source/mysql_shard.go:308.37,309.13 1 1
github.com/pingcap/tidb-tools/sync_diff_inspector/source/mysql_shard.go:312.18,314.5 1 0
github.com/pingcap/tidb-tools/sync_diff_inspector/source/mysql_shard.go:315.36,317.31 2 1
github.com/pingcap/tidb-tools/sync_diff_inspector/source/mysql_shard.go:323.5,325.42 3 1
github.com/pingcap/tidb-tools/sync_diff_inspector/source/mysql_shard.go:328.5,328.41 1 1
github.com/pingcap/tidb-tools/sync_diff_inspector/source/mysql_shard.go:317.31,319.20 2 1
github.com/pingcap/tidb-tools/sync_diff_inspector/source/mysql_shard.go:319.20,321.7 1 0
github.com/pingcap/tidb-tools/sync_diff_inspector/source/mysql_shard.go:325.42,327.6 1 0
github.com/pingcap/tidb-tools/sync_diff_inspector/source/mysql_shard.go:328.41,336.6 1 1
github.com/pingcap/tidb-tools/sync_diff_inspector/source/mysql_shard.go:340.46,341.19 1 1
github.com/pingcap/tidb-tools/sync_diff_inspector/source/mysql_shard.go:341.19,343.5 1 1
github.com/pingcap/tidb-tools/sync_diff_inspector/source/source.go:99.106,102.16 2 0
github.com/pingcap/tidb-tools/sync_diff_inspector/source/source.go:105.2,106.16 2 0
github.com/pingcap/tidb-tools/sync_diff_inspector/source/source.go:110.2,111.41 2 0
github.com/pingcap/tidb-tools/sync_diff_inspector/source/source.go:129.2,129.45 1 0
github.com/pingcap/tidb-tools/sync_diff_inspector/source/source.go:135.2,136.16 2 0
github.com/pingcap/tidb-tools/sync_diff_inspector/source/source.go:140.2,141.16 2 0
github.com/pingcap/tidb-tools/sync_diff_inspector/source/source.go:144.2,144.34 1 0
github.com/pingcap/tidb-tools/sync_diff_inspector/source/source.go:102.16,104.3 1 0
github.com/pingcap/tidb-tools/sync_diff_inspector/source/source.go:106.16,108.3 1 0
github.com/pingcap/tidb-tools/sync_diff_inspector/source/source.go:111.41,112.38 1 0
github.com/pingcap/tidb-tools/sync_diff_inspector/source/source.go:112.38,124.4 1 0
github.com/pingcap/tidb-tools/sync_diff_inspector/source/source.go:129.45,133.3 3 0
github.com/pingcap/tidb-tools/sync_diff_inspector/source/source.go:136.16,138.3 1 0
github.com/pingcap/tidb-tools/sync_diff_inspector/source/source.go:141.16,143.3 1 0
github.com/pingcap/tidb-tools/sync_diff_inspector/source/source.go:147.143,148.18 1 0
github.com/pingcap/tidb-tools/sync_diff_inspector/source/source.go:151.2,152.16 2 0
github.com/pingcap/tidb-tools/sync_diff_inspector/source/source.go:156.2,156.8 1 0
github.com/pingcap/tidb-tools/sync_diff_inspector/source/source.go:163.2,163.64 1 0
github.com/pingcap/tidb-tools/sync_diff_inspector/source/source.go:148.18,150.3 1 0
github.com/pingcap/tidb-tools/sync_diff_inspector/source/source.go:152.16,154.3 1 0
github.com/pingcap/tidb-tools/sync_diff_inspector/source/source.go:156.8,157.20 1 0
github.com/pingcap/tidb-tools/sync_diff_inspector/source/source.go:157.20,159.4 1 0
github.com/pingcap/tidb-tools/sync_diff_inspector/source/source.go:159.9,161.4 1 0
github.com/pingcap/tidb-tools/sync_diff_inspector/source/source.go:166.64,170.16 2 0
github.com/pingcap/tidb-tools/sync_diff_inspector/source/source.go:174.2,175.16 2 0
github.com/pingcap/tidb-tools/sync_diff_inspector/source/source.go:178.2,183.50 3 0
github.com/pingcap/tidb-tools/sync_diff_inspector/source/source.go:191.2,191.12 1 0
github.com/pingcap/tidb-tools/sync_diff_inspector/source/source.go:170.16,172.3 1 0
github.com/pingcap/tidb-tools/sync_diff_inspector/source/source.go:175.16,177.3 1 0
github.com/pingcap/tidb-tools/sync_diff_inspector/source/source.go:183.50,186.17 2 0
github.com/pingcap/tidb-tools/sync_diff_inspector/source/source.go:189.3,189.21 1 0
github.com/pingcap/tidb-tools/sync_diff_inspector/source/source.go:186.17,188.4 1 0
github.com/pingcap/tidb-tools/sync_diff_inspector/source/source.go:194.123,198.16 4 0
github.com/pingcap/tidb-tools/sync_diff_inspector/source/source.go:202.2,202.39 1 0
github.com/pingcap/tidb-tools/sync_diff_inspector/source/source.go:221.2,222.42 2 0
github.com/pingcap/tidb-tools/sync_diff_inspector/source/source.go:245.2,245.52 1 0
github.com/pingcap/tidb-tools/sync_diff_inspector/source/source.go:260.2,260.23 1 0
github.com/pingcap/tidb-tools/sync_diff_inspector/source/source.go:198.16,200.3 1 0
github.com/pingcap/tidb-tools/sync_diff_inspector/source/source.go:202.39,203.36 1 0
github.com/pingcap/tidb-tools/sync_diff_inspector/source/source.go:206.3,207.17 2 0
github.com/pingcap/tidb-tools/sync_diff_inspector/source/source.go:210.3,210.31 1 0
github.com/pingcap/tidb-tools/sync_diff_inspector/source/source.go:203.36,204.12 1 0
github.com/pingcap/tidb-tools/sync_diff_inspector/source/source.go:207.17,209.4 1 0
github.com/pingcap/tidb-tools/sync_diff_inspector/source/source.go:210.31,215.4 1 0
github.com/pingcap/tidb-tools/sync_diff_inspector/source/source.go:222.42,223.85 1 0
github.com/pingcap/tidb-tools/sync_diff_inspector/source/source.go:223.85,226.18 3 0
github.com/pingcap/tidb-tools/sync_diff_inspector/source/source.go:229.4,229.52 1 0
github.com/pingcap/tidb-tools/sync_diff_inspector/source/source.go:232.4,232.71 1 0
github.com/pingcap/tidb-tools/sync_diff_inspector/source/source.go:236.4,241.5 1 0
github.com/pingcap/tidb-tools/sync_diff_inspector/source/source.go:226.18,228.5 1 0
github.com/pingcap/tidb-tools/sync_diff_inspector/source/source.go:229.52,231.5 1 0
github.com/pingcap/tidb-tools/sync_diff_inspector/source/source.go:232.71,234.13 2 0
github.com/pingcap/tidb-tools/sync_diff_inspector/source/source.go:245.52,246.44 1 0
github.com/pingcap/tidb-tools/sync_diff_inspector/source/source.go:249.3,249.57 1 0
github.com/pingcap/tidb-tools/sync_diff_inspector/source/source.go:253.3,253.24 1 0
github.com/pingcap/tidb-tools/sync_diff_inspector/source/source.go:256.3,258.67 3 0
github.com/pingcap/tidb-tools/sync_diff_inspector/source/source.go:246.44,248.4 1 0
github.com/pingcap/tidb-tools/sync_diff_inspector/source/source.go:249.57,251.4 1 0
github.com/pingcap/tidb-tools/sync_diff_inspector/source/source.go:253.24,255.4 1 0
github.com/pingcap/tidb-tools/sync_diff_inspector/source/tidb.go:40.174,50.16 6 1
github.com/pingcap/tidb-tools/sync_diff_inspector/source/tidb.go:53.2,58.16 3 1
github.com/pingcap/tidb-tools/sync_diff_inspector/source/tidb.go:61.2,61.22 1 1
github.com/pingcap/tidb-tools/sync_diff_inspector/source/tidb.go:50.16,52.3 1 0
github.com/pingcap/tidb-tools/sync_diff_inspector/source/tidb.go:58.16,60.3 1 0
github.com/pingcap/tidb-tools/sync_diff_inspector/source/tidb.go:69.36,71.2 1 1
github.com/pingcap/tidb-tools/sync_diff_inspector/source/tidb.go:73.74,74.19 1 1
github.com/pingcap/tidb-tools/sync_diff_inspector/source/tidb.go:77.2,77.17 1 1
github.com/pingcap/tidb-tools/sync_diff_inspector/source/tidb.go:74.19,76.3 1 1
github.com/pingcap/tidb-tools/sync_diff_inspector/source/tidb.go:88.55,94.2 1 1
github.com/pingcap/tidb-tools/sync_diff_inspector/source/tidb.go:96.113,97.30 1 1
github.com/pingcap/tidb-tools/sync_diff_inspector/source/tidb.go:104.2,105.33 2 1
github.com/pingcap/tidb-tools/sync_diff_inspector/source/tidb.go:97.30,103.3 1 1
github.com/pingcap/tidb-tools/sync_diff_inspector/source/tidb.go:108.130,110.14 2 1
github.com/pingcap/tidb-tools/sync_diff_inspector/source/tidb.go:113.2,121.20 3 1
github.com/pingcap/tidb-tools/sync_diff_inspector/source/tidb.go:110.14,112.3 1 1
github.com/pingcap/tidb-tools/sync_diff_inspector/source/tidb.go:124.30,126.2 1 1
github.com/pingcap/tidb-tools/sync_diff_inspector/source/tidb.go:127.106,142.2 7 1
github.com/pingcap/tidb-tools/sync_diff_inspector/source/tidb.go:144.54,146.2 1 1
github.com/pingcap/tidb-tools/sync_diff_inspector/source/tidb.go:148.107,154.16 6 1
github.com/pingcap/tidb-tools/sync_diff_inspector/source/tidb.go:157.2,158.24 2 1
github.com/pingcap/tidb-tools/sync_diff_inspector/source/tidb.go:154.16,156.3 1 0
github.com/pingcap/tidb-tools/sync_diff_inspector/source/tidb.go:161.131,162.17 1 1
github.com/pingcap/tidb-tools/sync_diff_inspector/source/tidb.go:165.2,165.17 1 1
github.com/pingcap/tidb-tools/sync_diff_inspector/source/tidb.go:168.2,168.18 1 1
github.com/pingcap/tidb-tools/sync_diff_inspector/source/tidb.go:171.2,172.11 2 0
github.com/pingcap/tidb-tools/sync_diff_inspector/source/tidb.go:162.17,164.3 1 1
github.com/pingcap/tidb-tools/sync_diff_inspector/source/tidb.go:165.17,167.3 1 1
github.com/pingcap/tidb-tools/sync_diff_inspector/source/tidb.go:168.18,170.3 1 1
github.com/pingcap/tidb-tools/sync_diff_inspector/source/tidb.go:175.116,186.16 9 1
github.com/pingcap/tidb-tools/sync_diff_inspector/source/tidb.go:189.2,191.8 1 1
github.com/pingcap/tidb-tools/sync_diff_inspector/source/tidb.go:186.16,188.3 1 0
github.com/pingcap/tidb-tools/sync_diff_inspector/source/tidb.go:194.38,196.2 1 1
github.com/pingcap/tidb-tools/sync_diff_inspector/source/tidb.go:198.140,200.22 2 1
github.com/pingcap/tidb-tools/sync_diff_inspector/source/tidb.go:247.2,247.28 1 1
github.com/pingcap/tidb-tools/sync_diff_inspector/source/tidb.go:200.22,205.40 3 1
github.com/pingcap/tidb-tools/sync_diff_inspector/source/tidb.go:210.3,212.17 3 1
github.com/pingcap/tidb-tools/sync_diff_inspector/source/tidb.go:216.3,216.40 1 1
github.com/pingcap/tidb-tools/sync_diff_inspector/source/tidb.go:228.3,228.47 1 1
github.com/pingcap/tidb-tools/sync_diff_inspector/source/tidb.go:205.40,207.4 1 1
github.com/pingcap/tidb-tools/sync_diff_inspector/source/tidb.go:212.17,214.4 1 0
github.com/pingcap/tidb-tools/sync_diff_inspector/source/tidb.go:216.40,217.37 1 1
github.com/pingcap/tidb-tools/sync_diff_inspector/source/tidb.go:221.4,222.18 2 1
github.com/pingcap/tidb-tools/sync_diff_inspector/source/tidb.go:225.4,225.54 1 1
github.com/pingcap/tidb-tools/sync_diff_inspector/source/tidb.go:217.37,219.13 1 0
github.com/pingcap/tidb-tools/sync_diff_inspector/source/tidb.go:222.18,224.5 1 0
github.com/pingcap/tidb-tools/sync_diff_inspector/source/tidb.go:228.47,229.33 1 1
github.com/pingcap/tidb-tools/sync_diff_inspector/source/tidb.go:229.33,231.19 2 1
github.com/pingcap/tidb-tools/sync_diff_inspector/source/tidb.go:234.5,235.41 2 1
github.com/pingcap/tidb-tools/sync_diff_inspector/source/tidb.go:231.19,233.6 1 0
github.com/pingcap/tidb-tools/sync_diff_inspector/source/tidb.go:235.41,236.47 1 1
github.com/pingcap/tidb-tools/sync_diff_inspector/source/tidb.go:239.6,242.7 1 1
github.com/pingcap/tidb-tools/sync_diff_inspector/source/tidb.go:236.47,238.7 1 0
github.com/pingcap/tidb-tools/sync_diff_inspector/source/tidb.go:250.134,252.16 2 1
github.com/pingcap/tidb-tools/sync_diff_inspector/source/tidb.go:255.2,261.16 2 1
github.com/pingcap/tidb-tools/sync_diff_inspector/source/tidb.go:252.16,254.3 1 0
