mode: set
github.com/pingcap/tidb-tools/sync_diff_inspector/source/mysql_shard.go:39.175,44.29 3 1
github.com/pingcap/tidb-tools/sync_diff_inspector/source/mysql_shard.go:48.2,53.16 5 1
github.com/pingcap/tidb-tools/sync_diff_inspector/source/mysql_shard.go:56.2,56.22 1 1
github.com/pingcap/tidb-tools/sync_diff_inspector/source/mysql_shard.go:44.29,46.3 1 0
github.com/pingcap/tidb-tools/sync_diff_inspector/source/mysql_shard.go:53.16,55.3 1 0
github.com/pingcap/tidb-tools/sync_diff_inspector/source/mysql_shard.go:65.139,66.28 1 1
github.com/pingcap/tidb-tools/sync_diff_inspector/source/mysql_shard.go:69.2,70.9 2 1
github.com/pingcap/tidb-tools/sync_diff_inspector/source/mysql_shard.go:73.2,73.21 1 1
github.com/pingcap/tidb-tools/sync_diff_inspector/source/mysql_shard.go:66.28,68.3 1 0
github.com/pingcap/tidb-tools/sync_diff_inspector/source/mysql_shard.go:70.9,72.3 1 0
github.com/pingcap/tidb-tools/sync_diff_inspector/source/mysql_shard.go:76.57,80.2 1 1
github.com/pingcap/tidb-tools/sync_diff_inspector/source/mysql_shard.go:82.132,84.14 2 1
github.com/pingcap/tidb-tools/sync_diff_inspector/source/mysql_shard.go:87.2,95.20 3 1
github.com/pingcap/tidb-tools/sync_diff_inspector/source/mysql_shard.go:84.14,86.3 1 1
github.com/pingcap/tidb-tools/sync_diff_inspector/source/mysql_shard.go:98.32,99.38 1 1
github.com/pingcap/tidb-tools/sync_diff_inspector/source/mysql_shard.go:99.38,100.24 1 1
github.com/pingcap/tidb-tools/sync_diff_inspector/source/mysql_shard.go:100.24,102.4 1 1
github.com/pingcap/tidb-tools/sync_diff_inspector/source/mysql_shard.go:106.129,114.34 6 1
github.com/pingcap/tidb-tools/sync_diff_inspector/source/mysql_shard.go:124.2,132.41 3 1
github.com/pingcap/tidb-tools/sync_diff_inspector/source/mysql_shard.go:142.2,148.3 2 1
github.com/pingcap/tidb-tools/sync_diff_inspector/source/mysql_shard.go:114.34,115.40 1 1
github.com/pingcap/tidb-tools/sync_diff_inspector/source/mysql_shard.go:115.40,122.4 2 1
github.com/pingcap/tidb-tools/sync_diff_inspector/source/mysql_shard.go:132.41,135.36 2 1
github.com/pingcap/tidb-tools/sync_diff_inspector/source/mysql_shard.go:138.3,139.33 2 1
github.com/pingcap/tidb-tools/sync_diff_inspector/source/mysql_shard.go:135.36,137.4 1 0
github.com/pingcap/tidb-tools/sync_diff_inspector/source/mysql_shard.go:151.56,153.2 1 1
github.com/pingcap/tidb-tools/sync_diff_inspector/source/mysql_shard.go:155.133,156.11 1 1
github.com/pingcap/tidb-tools/sync_diff_inspector/source/mysql_shard.go:166.2,166.11 1 0
github.com/pingcap/tidb-tools/sync_diff_inspector/source/mysql_shard.go:157.14,158.112 1 1
github.com/pingcap/tidb-tools/sync_diff_inspector/source/mysql_shard.go:159.14,160.113 1 1
github.com/pingcap/tidb-tools/sync_diff_inspector/source/mysql_shard.go:161.15,162.142 1 1
github.com/pingcap/tidb-tools/sync_diff_inspector/source/mysql_shard.go:163.10,164.63 1 0
github.com/pingcap/tidb-tools/sync_diff_inspector/source/mysql_shard.go:169.118,180.34 8 1
github.com/pingcap/tidb-tools/sync_diff_inspector/source/mysql_shard.go:190.2,196.44 3 1
github.com/pingcap/tidb-tools/sync_diff_inspector/source/mysql_shard.go:213.2,216.8 1 1
github.com/pingcap/tidb-tools/sync_diff_inspector/source/mysql_shard.go:180.34,184.17 4 1
github.com/pingcap/tidb-tools/sync_diff_inspector/source/mysql_shard.go:187.3,187.23 1 1
github.com/pingcap/tidb-tools/sync_diff_inspector/source/mysql_shard.go:184.17,186.4 1 0
github.com/pingcap/tidb-tools/sync_diff_inspector/source/mysql_shard.go:196.44,198.17 2 1
github.com/pingcap/tidb-tools/sync_diff_inspector/source/mysql_shard.go:201.3,201.21 1 1
github.com/pingcap/tidb-tools/sync_diff_inspector/source/mysql_shard.go:198.17,200.4 1 0
github.com/pingcap/tidb-tools/sync_diff_inspector/source/mysql_shard.go:201.21,206.4 1 1
github.com/pingcap/tidb-tools/sync_diff_inspector/source/mysql_shard.go:206.9,207.30 1 0
github.com/pingcap/tidb-tools/sync_diff_inspector/source/mysql_shard.go:207.30,209.5 1 0
github.com/pingcap/tidb-tools/sync_diff_inspector/source/mysql_shard.go:219.40,221.39 1 0
github.com/pingcap/tidb-tools/sync_diff_inspector/source/mysql_shard.go:226.2,226.12 1 0
github.com/pingcap/tidb-tools/sync_diff_inspector/source/mysql_shard.go:221.39,222.25 1 0
github.com/pingcap/tidb-tools/sync_diff_inspector/source/mysql_shard.go:222.25,224.4 1 0
github.com/pingcap/tidb-tools/sync_diff_inspector/source/mysql_shard.go:229.109,233.43 4 1
github.com/pingcap/tidb-tools/sync_diff_inspector/source/mysql_shard.go:241.2,241.30 1 1
github.com/pingcap/tidb-tools/sync_diff_inspector/source/mysql_shard.go:233.43,236.17 3 1
github.com/pingcap/tidb-tools/sync_diff_inspector/source/mysql_shard.go:239.3,239.40 1 1
github.com/pingcap/tidb-tools/sync_diff_inspector/source/mysql_shard.go:236.17,238.4 1 0
github.com/pingcap/tidb-tools/sync_diff_inspector/source/mysql_shard.go:249.84,250.18 1 1
github.com/pingcap/tidb-tools/sync_diff_inspector/source/mysql_shard.go:254.2,254.8 1 1
github.com/pingcap/tidb-tools/sync_diff_inspector/source/mysql_shard.go:250.18,253.3 2 1
github.com/pingcap/tidb-tools/sync_diff_inspector/source/mysql_shard.go:257.82,262.38 1 1
github.com/pingcap/tidb-tools/sync_diff_inspector/source/mysql_shard.go:265.2,267.16 3 1
github.com/pingcap/tidb-tools/sync_diff_inspector/source/mysql_shard.go:270.2,270.23 1 1
github.com/pingcap/tidb-tools/sync_diff_inspector/source/mysql_shard.go:280.2,280.26 1 1
github.com/pingcap/tidb-tools/sync_diff_inspector/source/mysql_shard.go:262.38,264.3 1 1
github.com/pingcap/tidb-tools/sync_diff_inspector/source/mysql_shard.go:267.16,269.3 1 0
github.com/pingcap/tidb-tools/sync_diff_inspector/source/mysql_shard.go:270.23,275.3 1 1
github.com/pingcap/tidb-tools/sync_diff_inspector/source/mysql_shard.go:275.8,276.49 1 1
github.com/pingcap/tidb-tools/sync_diff_inspector/source/mysql_shard.go:276.49,278.4 1 0
github.com/pingcap/tidb-tools/sync_diff_inspector/source/mysql_shard.go:283.44,284.34 1 1
github.com/pingcap/tidb-tools/sync_diff_inspector/source/mysql_shard.go:284.34,286.3 1 1
github.com/pingcap/tidb-tools/sync_diff_inspector/source/mysql_shard.go:289.133,294.39 3 1
github.com/pingcap/tidb-tools/sync_diff_inspector/source/mysql_shard.go:298.2,298.30 1 1
github.com/pingcap/tidb-tools/sync_diff_inspector/source/mysql_shard.go:353.2,357.17 2 1
github.com/pingcap/tidb-tools/sync_diff_inspector/source/mysql_shard.go:294.39,296.3 1 1
github.com/pingcap/tidb-tools/sync_diff_inspector/source/mysql_shard.go:298.30,300.17 2 1
github.com/pingcap/tidb-tools/sync_diff_inspector/source/mysql_shard.go:305.3,306.40 2 1
github.com/pingcap/tidb-tools/sync_diff_inspector/source/mysql_shard.go:339.3,340.46 2 1
github.com/pingcap/tidb-tools/sync_diff_inspector/source/mysql_shard.go:345.3,349.55 3 1
github.com/pingcap/tidb-tools/sync_diff_inspector/source/mysql_shard.go:300.17,302.4 1 0
github.com/pingcap/tidb-tools/sync_diff_inspector/source/mysql_shard.go:306.40,308.37 1 1
github.com/pingcap/tidb-tools/sync_diff_inspector/source/mysql_shard.go:311.4,312.18 2 1
github.com/pingcap/tidb-tools/sync_diff_inspector/source/mysql_shard.go:315.4,315.36 1 1
github.com/pingcap/tidb-tools/sync_diff_inspector/source/mysql_shard.go:308.37,309.13 1 1
github.com/pingcap/tidb-tools/sync_diff_inspector/source/mysql_shard.go:312.18,314.5 1 0
github.com/pingcap/tidb-tools/sync_diff_inspector/source/mysql_shard.go:315.36,317.31 2 1
github.com/pingcap/tidb-tools/sync_diff_inspector/source/mysql_shard.go:323.5,325.42 3 1
github.com/pingcap/tidb-tools/sync_diff_inspector/source/mysql_shard.go:328.5,328.41 1 1
github.com/pingcap/tidb-tools/sync_diff_inspector/source/mysql_shard.go:317.31,319.20 2 1
github.com/pingcap/tidb-tools/sync_diff_inspector/source/mysql_shard.go:319.20,321.7 1 0
github.com/pingcap/tidb-tools/sync_diff_inspector/source/mysql_shard.go:325.42,327.6 1 0
github.com/pingcap/tidb-tools/sync_diff_inspector/source/mysql_shard.go:328.41,336.6 1 1
github.com/pingcap/tidb-tools/sync_diff_inspector/source/mysql_shard.go:340.46,341.19 1 1
github.com/pingcap/tidb-tools/sync_diff_inspector/source/mysql_shard.go:341.19,343.5 1 1
github.com/pingcap/tidb-tools/sync_diff_inspector/source/source.go:99.106,102.16 2 0
github.com/pingcap/tidb-tools/sync_diff_inspector/source/source.go:105.2,106.16 2 0
github.com/pingcap/tidb-tools/sync_diff_inspector/source/source.go:110.2,111.41 2 0
github.com/pingcap/tidb-tools/sync_diff_inspector/source/source.go:128.2,128.45 1 0
github.com/pingcap/tidb-tools/sync_diff_inspector/source/source.go:134.2,135.16 2 0
github.com/pingcap/tidb-tools/sync_diff_inspector/source/source.go:139.2,140.16 2 0
github.com/pingcap/tidb-tools/sync_diff_inspector/source/source.go:143.2,143.34 1 0
github.com/pingcap/tidb-tools/sync_diff_inspector/source/source.go:102.16,104.3 1 0
github.com/pingcap/tidb-tools/sync_diff_inspector/source/source.go:106.16,108.3 1 0
github.com/pingcap/tidb-tools/sync_diff_inspector/source/source.go:111.41,112.38 1 0
github.com/pingcap/tidb-tools/sync_diff_inspector/source/source.go:112.38,123.4 1 0
github.com/pingcap/tidb-tools/sync_diff_inspector/source/source.go:128.45,132.3 3 0
github.com/pingcap/tidb-tools/sync_diff_inspector/source/source.go:135.16,137.3 1 0
github.com/pingcap/tidb-tools/sync_diff_inspector/source/source.go:140.16,142.3 1 0
github.com/pingcap/tidb-tools/sync_diff_inspector/source/source.go:146.143,147.18 1 0
github.com/pingcap/tidb-tools/sync_diff_inspector/source/source.go:150.2,151.16 2 0
github.com/pingcap/tidb-tools/sync_diff_inspector/source/source.go:155.2,155.8 1 0
github.com/pingcap/tidb-tools/sync_diff_inspector/source/source.go:162.2,162.64 1 0
github.com/pingcap/tidb-tools/sync_diff_inspector/source/source.go:147.18,149.3 1 0
github.com/pingcap/tidb-tools/sync_diff_inspector/source/source.go:151.16,153.3 1 0
github.com/pingcap/tidb-tools/sync_diff_inspector/source/source.go:155.8,156.20 1 0
github.com/pingcap/tidb-tools/sync_diff_inspector/source/source.go:156.20,158.4 1 0
github.com/pingcap/tidb-tools/sync_diff_inspector/source/source.go:158.9,160.4 1 0
github.com/pingcap/tidb-tools/sync_diff_inspector/source/source.go:165.64,167.16 2 0
github.com/pingcap/tidb-tools/sync_diff_inspector/source/source.go:171.2,172.16 2 0
github.com/pingcap/tidb-tools/sync_diff_inspector/source/source.go:175.2,180.50 3 0
github.com/pingcap/tidb-tools/sync_diff_inspector/source/source.go:188.2,188.12 1 0
github.com/pingcap/tidb-tools/sync_diff_inspector/source/source.go:167.16,169.3 1 0
github.com/pingcap/tidb-tools/sync_diff_inspector/source/source.go:172.16,174.3 1 0
github.com/pingcap/tidb-tools/sync_diff_inspector/source/source.go:180.50,183.17 2 0
github.com/pingcap/tidb-tools/sync_diff_inspector/source/source.go:186.3,186.21 1 0
github.com/pingcap/tidb-tools/sync_diff_inspector/source/source.go:183.17,185.4 1 0
github.com/pingcap/tidb-tools/sync_diff_inspector/source/source.go:191.123,195.16 4 0
github.com/pingcap/tidb-tools/sync_diff_inspector/source/source.go:199.2,199.39 1 0
github.com/pingcap/tidb-tools/sync_diff_inspector/source/source.go:218.2,219.42 2 0
github.com/pingcap/tidb-tools/sync_diff_inspector/source/source.go:242.2,242.52 1 0
github.com/pingcap/tidb-tools/sync_diff_inspector/source/source.go:257.2,257.23 1 0
github.com/pingcap/tidb-tools/sync_diff_inspector/source/source.go:195.16,197.3 1 0
github.com/pingcap/tidb-tools/sync_diff_inspector/source/source.go:199.39,200.36 1 0
github.com/pingcap/tidb-tools/sync_diff_inspector/source/source.go:203.3,204.17 2 0
github.com/pingcap/tidb-tools/sync_diff_inspector/source/source.go:207.3,207.31 1 0
github.com/pingcap/tidb-tools/sync_diff_inspector/source/source.go:200.36,201.12 1 0
github.com/pingcap/tidb-tools/sync_diff_inspector/source/source.go:204.17,206.4 1 0
github.com/pingcap/tidb-tools/sync_diff_inspector/source/source.go:207.31,212.4 1 0
github.com/pingcap/tidb-tools/sync_diff_inspector/source/source.go:219.42,220.85 1 0
github.com/pingcap/tidb-tools/sync_diff_inspector/source/source.go:220.85,223.18 3 0
github.com/pingcap/tidb-tools/sync_diff_inspector/source/source.go:226.4,226.52 1 0
github.com/pingcap/tidb-tools/sync_diff_inspector/source/source.go:229.4,229.71 1 0
github.com/pingcap/tidb-tools/sync_diff_inspector/source/source.go:233.4,238.5 1 0
github.com/pingcap/tidb-tools/sync_diff_inspector/source/source.go:223.18,225.5 1 0
github.com/pingcap/tidb-tools/sync_diff_inspector/source/source.go:226.52,228.5 1 0
github.com/pingcap/tidb-tools/sync_diff_inspector/source/source.go:229.71,231.13 2 0
github.com/pingcap/tidb-tools/sync_diff_inspector/source/source.go:242.52,243.44 1 0
github.com/pingcap/tidb-tools/sync_diff_inspector/source/source.go:246.3,246.57 1 0
github.com/pingcap/tidb-tools/sync_diff_inspector/source/source.go:250.3,250.24 1 0
github.com/pingcap/tidb-tools/sync_diff_inspector/source/source.go:253.3,255.67 3 0
github.com/pingcap/tidb-tools/sync_diff_inspector/source/source.go:243.44,245.4 1 0
github.com/pingcap/tidb-tools/sync_diff_inspector/source/source.go:246.57,248.4 1 0
github.com/pingcap/tidb-tools/sync_diff_inspector/source/source.go:250.24,252.4 1 0
github.com/pingcap/tidb-tools/sync_diff_inspector/source/tidb.go:39.174,50.16 7 1
github.com/pingcap/tidb-tools/sync_diff_inspector/source/tidb.go:53.2,58.16 3 1
github.com/pingcap/tidb-tools/sync_diff_inspector/source/tidb.go:61.2,61.22 1 1
github.com/pingcap/tidb-tools/sync_diff_inspector/source/tidb.go:50.16,52.3 1 0
github.com/pingcap/tidb-tools/sync_diff_inspector/source/tidb.go:58.16,60.3 1 0
github.com/pingcap/tidb-tools/sync_diff_inspector/source/tidb.go:69.36,71.2 1 1
github.com/pingcap/tidb-tools/sync_diff_inspector/source/tidb.go:73.74,74.19 1 1
github.com/pingcap/tidb-tools/sync_diff_inspector/source/tidb.go:77.2,77.17 1 1
github.com/pingcap/tidb-tools/sync_diff_inspector/source/tidb.go:74.19,76.3 1 1
github.com/pingcap/tidb-tools/sync_diff_inspector/source/tidb.go:86.55,91.2 1 1
github.com/pingcap/tidb-tools/sync_diff_inspector/source/tidb.go:93.113,94.30 1 1
github.com/pingcap/tidb-tools/sync_diff_inspector/source/tidb.go:101.2,102.33 2 1
github.com/pingcap/tidb-tools/sync_diff_inspector/source/tidb.go:94.30,100.3 1 1
github.com/pingcap/tidb-tools/sync_diff_inspector/source/tidb.go:105.130,107.14 2 1
github.com/pingcap/tidb-tools/sync_diff_inspector/source/tidb.go:110.2,118.20 3 1
github.com/pingcap/tidb-tools/sync_diff_inspector/source/tidb.go:107.14,109.3 1 1
github.com/pingcap/tidb-tools/sync_diff_inspector/source/tidb.go:121.30,123.2 1 1
github.com/pingcap/tidb-tools/sync_diff_inspector/source/tidb.go:125.127,140.2 7 1
github.com/pingcap/tidb-tools/sync_diff_inspector/source/tidb.go:142.54,144.2 1 1
github.com/pingcap/tidb-tools/sync_diff_inspector/source/tidb.go:146.107,152.16 6 1
github.com/pingcap/tidb-tools/sync_diff_inspector/source/tidb.go:155.2,155.24 1 1
github.com/pingcap/tidb-tools/sync_diff_inspector/source/tidb.go:152.16,154.3 1 0
github.com/pingcap/tidb-tools/sync_diff_inspector/source/tidb.go:158.131,159.17 1 1
github.com/pingcap/tidb-tools/sync_diff_inspector/source/tidb.go:162.2,162.17 1 1
github.com/pingcap/tidb-tools/sync_diff_inspector/source/tidb.go:165.2,165.18 1 1
github.com/pingcap/tidb-tools/sync_diff_inspector/source/tidb.go:168.2,169.11 2 0
github.com/pingcap/tidb-tools/sync_diff_inspector/source/tidb.go:159.17,161.3 1 1
github.com/pingcap/tidb-tools/sync_diff_inspector/source/tidb.go:162.17,164.3 1 1
github.com/pingcap/tidb-tools/sync_diff_inspector/source/tidb.go:165.18,167.3 1 1
github.com/pingcap/tidb-tools/sync_diff_inspector/source/tidb.go:172.116,183.16 9 1
github.com/pingcap/tidb-tools/sync_diff_inspector/source/tidb.go:186.2,188.8 1 1
github.com/pingcap/tidb-tools/sync_diff_inspector/source/tidb.go:183.16,185.3 1 0
github.com/pingcap/tidb-tools/sync_diff_inspector/source/tidb.go:191.38,193.2 1 1
github.com/pingcap/tidb-tools/sync_diff_inspector/source/tidb.go:195.140,197.22 2 1
github.com/pingcap/tidb-tools/sync_diff_inspector/source/tidb.go:244.2,244.28 1 1
github.com/pingcap/tidb-tools/sync_diff_inspector/source/tidb.go:197.22,202.40 3 1
github.com/pingcap/tidb-tools/sync_diff_inspector/source/tidb.go:207.3,209.17 3 1
github.com/pingcap/tidb-tools/sync_diff_inspector/source/tidb.go:213.3,213.40 1 1
github.com/pingcap/tidb-tools/sync_diff_inspector/source/tidb.go:225.3,225.47 1 1
github.com/pingcap/tidb-tools/sync_diff_inspector/source/tidb.go:202.40,204.4 1 1
github.com/pingcap/tidb-tools/sync_diff_inspector/source/tidb.go:209.17,211.4 1 0
github.com/pingcap/tidb-tools/sync_diff_inspector/source/tidb.go:213.40,214.37 1 1
github.com/pingcap/tidb-tools/sync_diff_inspector/source/tidb.go:218.4,219.18 2 1
github.com/pingcap/tidb-tools/sync_diff_inspector/source/tidb.go:222.4,222.54 1 1
github.com/pingcap/tidb-tools/sync_diff_inspector/source/tidb.go:214.37,216.13 1 0
github.com/pingcap/tidb-tools/sync_diff_inspector/source/tidb.go:219.18,221.5 1 0
github.com/pingcap/tidb-tools/sync_diff_inspector/source/tidb.go:225.47,226.33 1 1
github.com/pingcap/tidb-tools/sync_diff_inspector/source/tidb.go:226.33,228.19 2 1
github.com/pingcap/tidb-tools/sync_diff_inspector/source/tidb.go:231.5,232.41 2 1
github.com/pingcap/tidb-tools/sync_diff_inspector/source/tidb.go:228.19,230.6 1 0
github.com/pingcap/tidb-tools/sync_diff_inspector/source/tidb.go:232.41,233.47 1 1
github.com/pingcap/tidb-tools/sync_diff_inspector/source/tidb.go:236.6,239.7 1 1
github.com/pingcap/tidb-tools/sync_diff_inspector/source/tidb.go:233.47,235.7 1 0
github.com/pingcap/tidb-tools/sync_diff_inspector/source/tidb.go:247.112,249.16 2 1
github.com/pingcap/tidb-tools/sync_diff_inspector/source/tidb.go:252.2,257.16 2 1
github.com/pingcap/tidb-tools/sync_diff_inspector/source/tidb.go:249.16,251.3 1 0
github.com/pingcap/tidb-tools/sync_diff_inspector/source/chunks_iter.go:41.81,43.24 1 1
github.com/pingcap/tidb-tools/sync_diff_inspector/source/chunks_iter.go:46.2,47.16 2 1
github.com/pingcap/tidb-tools/sync_diff_inspector/source/chunks_iter.go:51.2,51.14 1 1
github.com/pingcap/tidb-tools/sync_diff_inspector/source/chunks_iter.go:62.2,63.16 2 1
github.com/pingcap/tidb-tools/sync_diff_inspector/source/chunks_iter.go:66.2,66.24 1 1
github.com/pingcap/tidb-tools/sync_diff_inspector/source/chunks_iter.go:69.2,70.16 2 1
github.com/pingcap/tidb-tools/sync_diff_inspector/source/chunks_iter.go:73.2,81.8 4 1
github.com/pingcap/tidb-tools/sync_diff_inspector/source/chunks_iter.go:43.24,45.3 1 0
github.com/pingcap/tidb-tools/sync_diff_inspector/source/chunks_iter.go:47.16,49.3 1 0
github.com/pingcap/tidb-tools/sync_diff_inspector/source/chunks_iter.go:51.14,61.3 4 1
github.com/pingcap/tidb-tools/sync_diff_inspector/source/chunks_iter.go:63.16,65.3 1 0
github.com/pingcap/tidb-tools/sync_diff_inspector/source/chunks_iter.go:66.24,68.3 1 1
github.com/pingcap/tidb-tools/sync_diff_inspector/source/chunks_iter.go:70.16,72.3 1 0
github.com/pingcap/tidb-tools/sync_diff_inspector/source/chunks_iter.go:84.34,85.24 1 1
github.com/pingcap/tidb-tools/sync_diff_inspector/source/chunks_iter.go:85.24,87.3 1 1
github.com/pingcap/tidb-tools/sync_diff_inspector/source/chunks_iter.go:90.49,92.2 1 1
github.com/pingcap/tidb-tools/sync_diff_inspector/source/chunks_iter.go:94.53,95.58 1 1
github.com/pingcap/tidb-tools/sync_diff_inspector/source/chunks_iter.go:98.2,98.10 1 1
github.com/pingcap/tidb-tools/sync_diff_inspector/source/chunks_iter.go:95.58,97.3 1 0
github.com/pingcap/tidb-tools/sync_diff_inspector/source/chunks_iter.go:103.95,104.43 1 1
github.com/pingcap/tidb-tools/sync_diff_inspector/source/chunks_iter.go:108.2,113.23 4 1
github.com/pingcap/tidb-tools/sync_diff_inspector/source/chunks_iter.go:120.2,121.16 2 1
github.com/pingcap/tidb-tools/sync_diff_inspector/source/chunks_iter.go:124.2,124.24 1 1
github.com/pingcap/tidb-tools/sync_diff_inspector/source/chunks_iter.go:127.2,128.12 2 1
github.com/pingcap/tidb-tools/sync_diff_inspector/source/chunks_iter.go:104.43,107.3 2 1
github.com/pingcap/tidb-tools/sync_diff_inspector/source/chunks_iter.go:113.23,118.3 4 1
github.com/pingcap/tidb-tools/sync_diff_inspector/source/chunks_iter.go:121.16,123.3 1 0
github.com/pingcap/tidb-tools/sync_diff_inspector/source/chunks_iter.go:124.24,126.3 1 1
